mode: set
github.com/presslabs/mysql-operator/pkg/syncers/mysqlcluster/statefullset.go:60.94,67.2 1 0
github.com/presslabs/mysql-operator/pkg/syncers/mysqlcluster/statefullset.go:69.67,76.2 1 0
github.com/presslabs/mysql-operator/pkg/syncers/mysqlcluster/statefullset.go:78.53,80.2 1 0
github.com/presslabs/mysql-operator/pkg/syncers/mysqlcluster/statefullset.go:82.51,85.53 2 0
github.com/presslabs/mysql-operator/pkg/syncers/mysqlcluster/statefullset.go:93.2,104.12 7 0
github.com/presslabs/mysql-operator/pkg/syncers/mysqlcluster/statefullset.go:85.53,88.3 1 0
github.com/presslabs/mysql-operator/pkg/syncers/mysqlcluster/statefullset.go:88.8,91.3 1 0
github.com/presslabs/mysql-operator/pkg/syncers/mysqlcluster/statefullset.go:107.82,110.41 3 0
github.com/presslabs/mysql-operator/pkg/syncers/mysqlcluster/statefullset.go:113.2,127.11 11 0
github.com/presslabs/mysql-operator/pkg/syncers/mysqlcluster/statefullset.go:110.41,112.3 1 0
github.com/presslabs/mysql-operator/pkg/syncers/mysqlcluster/statefullset.go:140.106,150.2 8 0
github.com/presslabs/mysql-operator/pkg/syncers/mysqlcluster/statefullset.go:152.64,199.73 9 0
github.com/presslabs/mysql-operator/pkg/syncers/mysqlcluster/statefullset.go:206.2,206.14 1 0
github.com/presslabs/mysql-operator/pkg/syncers/mysqlcluster/statefullset.go:309.2,309.8 1 0
github.com/presslabs/mysql-operator/pkg/syncers/mysqlcluster/statefullset.go:199.73,204.3 1 0
github.com/presslabs/mysql-operator/pkg/syncers/mysqlcluster/statefullset.go:207.29,233.5 3 0
github.com/presslabs/mysql-operator/pkg/syncers/mysqlcluster/statefullset.go:234.26,281.5 4 0
github.com/presslabs/mysql-operator/pkg/syncers/mysqlcluster/statefullset.go:282.26,306.5 2 0
github.com/presslabs/mysql-operator/pkg/syncers/mysqlcluster/statefullset.go:312.84,313.18 1 0
github.com/presslabs/mysql-operator/pkg/syncers/mysqlcluster/statefullset.go:318.2,329.11 3 0
github.com/presslabs/mysql-operator/pkg/syncers/mysqlcluster/statefullset.go:313.18,315.3 1 0
github.com/presslabs/mysql-operator/pkg/syncers/mysqlcluster/statefullset.go:332.80,334.39 2 0
github.com/presslabs/mysql-operator/pkg/syncers/mysqlcluster/statefullset.go:338.2,338.29 1 0
github.com/presslabs/mysql-operator/pkg/syncers/mysqlcluster/statefullset.go:343.2,433.39 17 0
github.com/presslabs/mysql-operator/pkg/syncers/mysqlcluster/statefullset.go:449.2,449.11 1 0
github.com/presslabs/mysql-operator/pkg/syncers/mysqlcluster/statefullset.go:334.39,336.3 1 0
github.com/presslabs/mysql-operator/pkg/syncers/mysqlcluster/statefullset.go:338.29,340.3 1 0
github.com/presslabs/mysql-operator/pkg/syncers/mysqlcluster/statefullset.go:433.39,447.3 4 0
github.com/presslabs/mysql-operator/pkg/syncers/mysqlcluster/statefullset.go:452.67,454.26 2 0
github.com/presslabs/mysql-operator/pkg/syncers/mysqlcluster/statefullset.go:458.2,478.11 5 0
github.com/presslabs/mysql-operator/pkg/syncers/mysqlcluster/statefullset.go:454.26,456.3 1 0
github.com/presslabs/mysql-operator/pkg/syncers/mysqlcluster/statefullset.go:481.110,483.18 2 0
github.com/presslabs/mysql-operator/pkg/syncers/mysqlcluster/statefullset.go:487.2,491.13 3 0
github.com/presslabs/mysql-operator/pkg/syncers/mysqlcluster/statefullset.go:497.2,501.11 3 0
github.com/presslabs/mysql-operator/pkg/syncers/mysqlcluster/statefullset.go:483.18,486.3 2 0
github.com/presslabs/mysql-operator/pkg/syncers/mysqlcluster/statefullset.go:491.13,495.3 1 0
github.com/presslabs/mysql-operator/pkg/syncers/mysqlcluster/statefullset.go:504.85,505.80 1 0
github.com/presslabs/mysql-operator/pkg/syncers/mysqlcluster/statefullset.go:514.2,514.33 1 0
github.com/presslabs/mysql-operator/pkg/syncers/mysqlcluster/statefullset.go:524.2,524.8 1 0
github.com/presslabs/mysql-operator/pkg/syncers/mysqlcluster/statefullset.go:505.80,513.3 1 0
github.com/presslabs/mysql-operator/pkg/syncers/mysqlcluster/statefullset.go:514.33,523.3 1 0
github.com/presslabs/mysql-operator/pkg/syncers/mysqlcluster/statefullset.go:527.72,528.14 1 0
github.com/presslabs/mysql-operator/pkg/syncers/mysqlcluster/statefullset.go:562.2,562.12 1 0
github.com/presslabs/mysql-operator/pkg/syncers/mysqlcluster/statefullset.go:529.25,539.4 1 0
github.com/presslabs/mysql-operator/pkg/syncers/mysqlcluster/statefullset.go:541.67,551.4 1 0
github.com/presslabs/mysql-operator/pkg/syncers/mysqlcluster/statefullset.go:553.51,559.4 1 0
github.com/presslabs/mysql-operator/pkg/syncers/mysqlcluster/statefullset.go:565.86,570.2 3 0
github.com/presslabs/mysql-operator/pkg/syncers/mysqlcluster/statefullset.go:572.96,576.25 2 0
github.com/presslabs/mysql-operator/pkg/syncers/mysqlcluster/statefullset.go:581.2,581.11 1 0
github.com/presslabs/mysql-operator/pkg/syncers/mysqlcluster/statefullset.go:576.25,577.24 1 0
github.com/presslabs/mysql-operator/pkg/syncers/mysqlcluster/statefullset.go:577.24,579.4 1 0
github.com/presslabs/mysql-operator/pkg/syncers/mysqlcluster/statefullset.go:584.74,586.26 2 0
github.com/presslabs/mysql-operator/pkg/syncers/mysqlcluster/statefullset.go:589.2,589.23 1 0
github.com/presslabs/mysql-operator/pkg/syncers/mysqlcluster/statefullset.go:586.26,588.3 1 0
github.com/presslabs/mysql-operator/pkg/syncers/mysqlcluster/statefullset.go:592.65,602.21 2 0
github.com/presslabs/mysql-operator/pkg/syncers/mysqlcluster/statefullset.go:611.2,611.27 1 0
github.com/presslabs/mysql-operator/pkg/syncers/mysqlcluster/statefullset.go:615.2,615.23 1 0
github.com/presslabs/mysql-operator/pkg/syncers/mysqlcluster/statefullset.go:619.2,619.26 1 0
github.com/presslabs/mysql-operator/pkg/syncers/mysqlcluster/statefullset.go:623.2,623.31 1 0
github.com/presslabs/mysql-operator/pkg/syncers/mysqlcluster/statefullset.go:627.2,627.28 1 0
github.com/presslabs/mysql-operator/pkg/syncers/mysqlcluster/statefullset.go:631.2,631.16 1 0
github.com/presslabs/mysql-operator/pkg/syncers/mysqlcluster/statefullset.go:603.20,604.38 1 0
github.com/presslabs/mysql-operator/pkg/syncers/mysqlcluster/statefullset.go:605.15,606.44 1 0
github.com/presslabs/mysql-operator/pkg/syncers/mysqlcluster/statefullset.go:607.10,608.44 1 0
github.com/presslabs/mysql-operator/pkg/syncers/mysqlcluster/statefullset.go:611.27,613.3 1 0
github.com/presslabs/mysql-operator/pkg/syncers/mysqlcluster/statefullset.go:615.23,617.3 1 0
github.com/presslabs/mysql-operator/pkg/syncers/mysqlcluster/statefullset.go:619.26,621.3 1 0
github.com/presslabs/mysql-operator/pkg/syncers/mysqlcluster/statefullset.go:623.31,625.3 1 0
github.com/presslabs/mysql-operator/pkg/syncers/mysqlcluster/statefullset.go:627.28,629.3 1 0
github.com/presslabs/mysql-operator/pkg/syncers/mysqlcluster/statefullset.go:634.87,635.15 1 0
github.com/presslabs/mysql-operator/pkg/syncers/mysqlcluster/statefullset.go:638.2,641.25 4 0
github.com/presslabs/mysql-operator/pkg/syncers/mysqlcluster/statefullset.go:644.2,644.28 1 0
github.com/presslabs/mysql-operator/pkg/syncers/mysqlcluster/statefullset.go:647.2,647.30 1 0
github.com/presslabs/mysql-operator/pkg/syncers/mysqlcluster/statefullset.go:651.2,651.11 1 0
github.com/presslabs/mysql-operator/pkg/syncers/mysqlcluster/statefullset.go:635.15,637.3 1 0
github.com/presslabs/mysql-operator/pkg/syncers/mysqlcluster/statefullset.go:641.25,643.3 1 0
github.com/presslabs/mysql-operator/pkg/syncers/mysqlcluster/statefullset.go:644.28,646.3 1 0
github.com/presslabs/mysql-operator/pkg/syncers/mysqlcluster/statefullset.go:647.30,649.3 1 0
github.com/presslabs/mysql-operator/pkg/syncers/mysqlcluster/statefullset.go:654.102,655.18 1 0
github.com/presslabs/mysql-operator/pkg/syncers/mysqlcluster/statefullset.go:658.2,658.11 1 0
github.com/presslabs/mysql-operator/pkg/syncers/mysqlcluster/statefullset.go:655.18,657.3 1 0
github.com/presslabs/mysql-operator/pkg/syncers/mysqlcluster/config_map.go:40.70,44.2 1 1
github.com/presslabs/mysql-operator/pkg/syncers/mysqlcluster/config_map.go:46.73,53.2 1 1
github.com/presslabs/mysql-operator/pkg/syncers/mysqlcluster/config_map.go:55.59,57.2 1 0
github.com/presslabs/mysql-operator/pkg/syncers/mysqlcluster/config_map.go:59.57,66.16 5 1
github.com/presslabs/mysql-operator/pkg/syncers/mysqlcluster/config_map.go:70.2,70.62 1 1
github.com/presslabs/mysql-operator/pkg/syncers/mysqlcluster/config_map.go:79.2,87.12 3 1
github.com/presslabs/mysql-operator/pkg/syncers/mysqlcluster/config_map.go:66.16,68.3 1 0
github.com/presslabs/mysql-operator/pkg/syncers/mysqlcluster/config_map.go:70.62,71.21 1 1
github.com/presslabs/mysql-operator/pkg/syncers/mysqlcluster/config_map.go:76.3,76.100 1 1
github.com/presslabs/mysql-operator/pkg/syncers/mysqlcluster/config_map.go:71.21,75.4 2 1
github.com/presslabs/mysql-operator/pkg/syncers/mysqlcluster/config_map.go:90.70,101.16 7 1
github.com/presslabs/mysql-operator/pkg/syncers/mysqlcluster/config_map.go:104.2,105.16 2 1
github.com/presslabs/mysql-operator/pkg/syncers/mysqlcluster/config_map.go:110.2,111.27 2 1
github.com/presslabs/mysql-operator/pkg/syncers/mysqlcluster/config_map.go:101.16,103.3 1 0
github.com/presslabs/mysql-operator/pkg/syncers/mysqlcluster/config_map.go:105.16,108.3 2 0
github.com/presslabs/mysql-operator/pkg/syncers/mysqlcluster/config_map.go:116.78,117.36 1 1
github.com/presslabs/mysql-operator/pkg/syncers/mysqlcluster/config_map.go:117.36,118.27 1 1
github.com/presslabs/mysql-operator/pkg/syncers/mysqlcluster/config_map.go:118.27,119.44 1 1
github.com/presslabs/mysql-operator/pkg/syncers/mysqlcluster/config_map.go:119.44,121.5 1 0
github.com/presslabs/mysql-operator/pkg/syncers/mysqlcluster/config_map.go:127.68,128.36 1 1
github.com/presslabs/mysql-operator/pkg/syncers/mysqlcluster/config_map.go:128.36,129.27 1 1
github.com/presslabs/mysql-operator/pkg/syncers/mysqlcluster/config_map.go:129.27,130.48 1 1
github.com/presslabs/mysql-operator/pkg/syncers/mysqlcluster/config_map.go:130.48,132.5 1 0
github.com/presslabs/mysql-operator/pkg/syncers/mysqlcluster/config_map.go:138.50,140.45 2 1
github.com/presslabs/mysql-operator/pkg/syncers/mysqlcluster/config_map.go:143.2,143.26 1 1
github.com/presslabs/mysql-operator/pkg/syncers/mysqlcluster/config_map.go:140.45,142.3 1 0
github.com/presslabs/mysql-operator/pkg/syncers/mysqlcluster/headless_service.go:32.72,36.2 1 0
github.com/presslabs/mysql-operator/pkg/syncers/mysqlcluster/headless_service.go:38.75,45.2 1 0
github.com/presslabs/mysql-operator/pkg/syncers/mysqlcluster/headless_service.go:47.61,49.2 1 0
github.com/presslabs/mysql-operator/pkg/syncers/mysqlcluster/headless_service.go:51.59,56.30 4 0
github.com/presslabs/mysql-operator/pkg/syncers/mysqlcluster/headless_service.go:59.2,69.12 9 0
github.com/presslabs/mysql-operator/pkg/syncers/mysqlcluster/headless_service.go:56.30,58.3 1 0
github.com/presslabs/mysql-operator/pkg/syncers/mysqlcluster/healty_service.go:32.71,36.2 1 0
github.com/presslabs/mysql-operator/pkg/syncers/mysqlcluster/healty_service.go:38.74,45.2 1 0
github.com/presslabs/mysql-operator/pkg/syncers/mysqlcluster/healty_service.go:47.60,49.2 1 0
github.com/presslabs/mysql-operator/pkg/syncers/mysqlcluster/healty_service.go:51.58,58.30 5 0
github.com/presslabs/mysql-operator/pkg/syncers/mysqlcluster/healty_service.go:61.2,66.12 5 0
github.com/presslabs/mysql-operator/pkg/syncers/mysqlcluster/healty_service.go:58.30,60.3 1 0
github.com/presslabs/mysql-operator/pkg/syncers/mysqlcluster/master_service.go:32.70,36.2 1 0
github.com/presslabs/mysql-operator/pkg/syncers/mysqlcluster/master_service.go:38.73,45.2 1 0
github.com/presslabs/mysql-operator/pkg/syncers/mysqlcluster/master_service.go:47.59,49.2 1 0
github.com/presslabs/mysql-operator/pkg/syncers/mysqlcluster/master_service.go:51.57,58.30 5 0
github.com/presslabs/mysql-operator/pkg/syncers/mysqlcluster/master_service.go:61.2,66.12 5 0
github.com/presslabs/mysql-operator/pkg/syncers/mysqlcluster/master_service.go:58.30,60.3 1 0
github.com/presslabs/mysql-operator/pkg/syncers/mysqlcluster/pdb.go:33.64,37.2 1 0
github.com/presslabs/mysql-operator/pkg/syncers/mysqlcluster/pdb.go:39.67,46.2 1 0
github.com/presslabs/mysql-operator/pkg/syncers/mysqlcluster/pdb.go:48.53,50.2 1 0
github.com/presslabs/mysql-operator/pkg/syncers/mysqlcluster/pdb.go:52.51,54.34 2 0
github.com/presslabs/mysql-operator/pkg/syncers/mysqlcluster/pdb.go:58.2,59.12 2 0
github.com/presslabs/mysql-operator/pkg/syncers/mysqlcluster/pdb.go:54.34,57.3 1 0
github.com/presslabs/mysql-operator/pkg/syncers/mysqlcluster/secret.go:38.67,43.2 1 0
github.com/presslabs/mysql-operator/pkg/syncers/mysqlcluster/secret.go:45.70,52.2 1 0
github.com/presslabs/mysql-operator/pkg/syncers/mysqlcluster/secret.go:54.56,56.2 1 0
github.com/presslabs/mysql-operator/pkg/syncers/mysqlcluster/secret.go:58.54,61.45 2 0
github.com/presslabs/mysql-operator/pkg/syncers/mysqlcluster/secret.go:65.2,65.44 1 0
github.com/presslabs/mysql-operator/pkg/syncers/mysqlcluster/secret.go:68.2,68.48 1 0
github.com/presslabs/mysql-operator/pkg/syncers/mysqlcluster/secret.go:71.2,71.49 1 0
github.com/presslabs/mysql-operator/pkg/syncers/mysqlcluster/secret.go:74.2,74.53 1 0
github.com/presslabs/mysql-operator/pkg/syncers/mysqlcluster/secret.go:78.2,81.39 3 0
github.com/presslabs/mysql-operator/pkg/syncers/mysqlcluster/secret.go:85.2,85.43 1 0
github.com/presslabs/mysql-operator/pkg/syncers/mysqlcluster/secret.go:89.2,89.12 1 0
github.com/presslabs/mysql-operator/pkg/syncers/mysqlcluster/secret.go:61.45,63.3 1 0
github.com/presslabs/mysql-operator/pkg/syncers/mysqlcluster/secret.go:65.44,67.3 1 0
github.com/presslabs/mysql-operator/pkg/syncers/mysqlcluster/secret.go:68.48,70.3 1 0
github.com/presslabs/mysql-operator/pkg/syncers/mysqlcluster/secret.go:71.49,73.3 1 0
github.com/presslabs/mysql-operator/pkg/syncers/mysqlcluster/secret.go:74.53,76.3 1 0
github.com/presslabs/mysql-operator/pkg/syncers/mysqlcluster/secret.go:81.39,83.3 1 0
github.com/presslabs/mysql-operator/pkg/syncers/mysqlcluster/secret.go:85.43,87.3 1 0
github.com/presslabs/mysql-operator/pkg/apis/mysql/v1alpha1/mysqlbackup_types.go:100.13,102.2 1 1
github.com/presslabs/mysql-operator/pkg/apis/mysql/v1alpha1/mysqlcluster_status.go:32.51,42.35 3 0
github.com/presslabs/mysql-operator/pkg/apis/mysql/v1alpha1/mysqlcluster_status.go:42.35,47.3 3 0
github.com/presslabs/mysql-operator/pkg/apis/mysql/v1alpha1/mysqlcluster_status.go:47.8,48.48 1 0
github.com/presslabs/mysql-operator/pkg/apis/mysql/v1alpha1/mysqlcluster_status.go:48.48,50.42 2 0
github.com/presslabs/mysql-operator/pkg/apis/mysql/v1alpha1/mysqlcluster_status.go:58.4,60.41 2 0
github.com/presslabs/mysql-operator/pkg/apis/mysql/v1alpha1/mysqlcluster_status.go:50.42,55.5 2 0
github.com/presslabs/mysql-operator/pkg/apis/mysql/v1alpha1/mysqlcluster_status.go:55.10,57.5 1 0
github.com/presslabs/mysql-operator/pkg/apis/mysql/v1alpha1/mysqlcluster_status.go:61.9,66.4 3 0
github.com/presslabs/mysql-operator/pkg/apis/mysql/v1alpha1/mysqlcluster_status.go:70.72,71.43 1 0
github.com/presslabs/mysql-operator/pkg/apis/mysql/v1alpha1/mysqlcluster_status.go:77.2,77.17 1 0
github.com/presslabs/mysql-operator/pkg/apis/mysql/v1alpha1/mysqlcluster_status.go:71.43,72.22 1 0
github.com/presslabs/mysql-operator/pkg/apis/mysql/v1alpha1/mysqlcluster_status.go:72.22,74.4 1 0
github.com/presslabs/mysql-operator/pkg/apis/mysql/v1alpha1/mysqlcluster_status.go:80.77,81.43 1 0
github.com/presslabs/mysql-operator/pkg/apis/mysql/v1alpha1/mysqlcluster_status.go:87.2,87.12 1 0
github.com/presslabs/mysql-operator/pkg/apis/mysql/v1alpha1/mysqlcluster_status.go:81.43,82.22 1 0
github.com/presslabs/mysql-operator/pkg/apis/mysql/v1alpha1/mysqlcluster_status.go:82.22,84.4 1 0
github.com/presslabs/mysql-operator/pkg/apis/mysql/v1alpha1/mysqlcluster_status.go:93.51,103.35 3 0
github.com/presslabs/mysql-operator/pkg/apis/mysql/v1alpha1/mysqlcluster_status.go:103.35,108.3 3 0
github.com/presslabs/mysql-operator/pkg/apis/mysql/v1alpha1/mysqlcluster_status.go:108.8,109.48 1 0
github.com/presslabs/mysql-operator/pkg/apis/mysql/v1alpha1/mysqlcluster_status.go:109.48,111.42 2 0
github.com/presslabs/mysql-operator/pkg/apis/mysql/v1alpha1/mysqlcluster_status.go:119.4,121.41 2 0
github.com/presslabs/mysql-operator/pkg/apis/mysql/v1alpha1/mysqlcluster_status.go:111.42,116.5 2 0
github.com/presslabs/mysql-operator/pkg/apis/mysql/v1alpha1/mysqlcluster_status.go:116.10,118.5 1 0
github.com/presslabs/mysql-operator/pkg/apis/mysql/v1alpha1/mysqlcluster_status.go:122.9,127.4 3 0
github.com/presslabs/mysql-operator/pkg/apis/mysql/v1alpha1/mysqlcluster_status.go:131.70,132.43 1 0
github.com/presslabs/mysql-operator/pkg/apis/mysql/v1alpha1/mysqlcluster_status.go:138.2,138.17 1 0
github.com/presslabs/mysql-operator/pkg/apis/mysql/v1alpha1/mysqlcluster_status.go:132.43,133.22 1 0
github.com/presslabs/mysql-operator/pkg/apis/mysql/v1alpha1/mysqlcluster_status.go:133.22,135.4 1 0
github.com/presslabs/mysql-operator/pkg/apis/mysql/v1alpha1/mysqlcluster_status.go:170.37,180.29 4 0
github.com/presslabs/mysql-operator/pkg/apis/mysql/v1alpha1/mysqlcluster_status.go:210.2,210.16 1 0
github.com/presslabs/mysql-operator/pkg/apis/mysql/v1alpha1/mysqlcluster_status.go:180.29,186.3 4 0
github.com/presslabs/mysql-operator/pkg/apis/mysql/v1alpha1/mysqlcluster_status.go:186.8,187.46 1 0
github.com/presslabs/mysql-operator/pkg/apis/mysql/v1alpha1/mysqlcluster_status.go:187.46,189.42 2 0
github.com/presslabs/mysql-operator/pkg/apis/mysql/v1alpha1/mysqlcluster_status.go:198.4,200.35 2 0
github.com/presslabs/mysql-operator/pkg/apis/mysql/v1alpha1/mysqlcluster_status.go:189.42,195.5 3 0
github.com/presslabs/mysql-operator/pkg/apis/mysql/v1alpha1/mysqlcluster_status.go:195.10,197.5 1 0
github.com/presslabs/mysql-operator/pkg/apis/mysql/v1alpha1/mysqlcluster_status.go:201.9,207.4 4 0
github.com/presslabs/mysql-operator/pkg/apis/mysql/v1alpha1/mysqlcluster_status.go:213.71,214.37 1 0
github.com/presslabs/mysql-operator/pkg/apis/mysql/v1alpha1/mysqlcluster_status.go:220.2,220.17 1 0
github.com/presslabs/mysql-operator/pkg/apis/mysql/v1alpha1/mysqlcluster_status.go:214.37,215.25 1 0
github.com/presslabs/mysql-operator/pkg/apis/mysql/v1alpha1/mysqlcluster_status.go:215.25,217.4 1 0
github.com/presslabs/mysql-operator/pkg/apis/mysql/v1alpha1/mysqlcluster_status.go:223.66,224.36 1 0
github.com/presslabs/mysql-operator/pkg/apis/mysql/v1alpha1/mysqlcluster_status.go:229.2,230.35 2 0
github.com/presslabs/mysql-operator/pkg/apis/mysql/v1alpha1/mysqlcluster_status.go:224.36,225.30 1 0
github.com/presslabs/mysql-operator/pkg/apis/mysql/v1alpha1/mysqlcluster_status.go:225.30,227.4 1 0
github.com/presslabs/mysql-operator/pkg/apis/mysql/v1alpha1/mysqlcluster_status.go:233.76,234.45 1 0
github.com/presslabs/mysql-operator/pkg/apis/mysql/v1alpha1/mysqlcluster_status.go:238.2,238.12 1 0
github.com/presslabs/mysql-operator/pkg/apis/mysql/v1alpha1/mysqlcluster_status.go:234.45,236.3 1 0
github.com/presslabs/mysql-operator/pkg/apis/mysql/v1alpha1/mysqlcluster_types.go:241.13,243.2 1 1
github.com/presslabs/mysql-operator/pkg/apis/mysql/v1alpha1/mysqlcluster_util.go:27.54,32.2 1 0
github.com/presslabs/mysql-operator/pkg/apis/mysql/v1alpha1/mysqlcluster_util.go:55.69,57.2 1 0
github.com/presslabs/mysql-operator/pkg/apis/mysql/v1alpha1/mysqlcluster_util.go:60.71,61.14 1 0
github.com/presslabs/mysql-operator/pkg/apis/mysql/v1alpha1/mysqlcluster_util.go:62.87,63.46 1 0
github.com/presslabs/mysql-operator/pkg/apis/mysql/v1alpha1/mysqlcluster_util.go:64.21,65.53 1 0
github.com/presslabs/mysql-operator/pkg/apis/mysql/v1alpha1/mysqlcluster_util.go:66.19,67.52 1 0
github.com/presslabs/mysql-operator/pkg/apis/mysql/v1alpha1/mysqlcluster_util.go:68.10,69.46 1 0
github.com/presslabs/mysql-operator/pkg/apis/mysql/v1alpha1/mysqlcluster_util.go:74.53,78.2 1 0
github.com/presslabs/mysql-operator/pkg/apis/mysql/v1alpha1/mysqlcluster_util.go:81.49,83.2 1 0
github.com/presslabs/mysql-operator/pkg/apis/mysql/v1alpha1/mysqlcluster_util.go:86.47,89.36 2 0
github.com/presslabs/mysql-operator/pkg/apis/mysql/v1alpha1/mysqlcluster_util.go:96.2,96.19 1 0
github.com/presslabs/mysql-operator/pkg/apis/mysql/v1alpha1/mysqlcluster_util.go:89.36,91.38 1 0
github.com/presslabs/mysql-operator/pkg/apis/mysql/v1alpha1/mysqlcluster_util.go:91.38,93.4 1 0
github.com/presslabs/mysql-operator/pkg/apis/mysql/v1alpha1/mysqlcluster_util.go:100.65,109.2 2 0
github.com/presslabs/mysql-operator/pkg/apis/mysql/v1alpha1/zz_generated.deepcopy.go:30.63,34.2 3 0
github.com/presslabs/mysql-operator/pkg/apis/mysql/v1alpha1/zz_generated.deepcopy.go:37.56,38.15 1 0
github.com/presslabs/mysql-operator/pkg/apis/mysql/v1alpha1/zz_generated.deepcopy.go:41.2,43.12 3 0
github.com/presslabs/mysql-operator/pkg/apis/mysql/v1alpha1/zz_generated.deepcopy.go:38.15,40.3 1 0
github.com/presslabs/mysql-operator/pkg/apis/mysql/v1alpha1/zz_generated.deepcopy.go:47.65,51.2 3 0
github.com/presslabs/mysql-operator/pkg/apis/mysql/v1alpha1/zz_generated.deepcopy.go:54.58,55.15 1 0
github.com/presslabs/mysql-operator/pkg/apis/mysql/v1alpha1/zz_generated.deepcopy.go:58.2,60.12 3 0
github.com/presslabs/mysql-operator/pkg/apis/mysql/v1alpha1/zz_generated.deepcopy.go:55.15,57.3 1 0
github.com/presslabs/mysql-operator/pkg/apis/mysql/v1alpha1/zz_generated.deepcopy.go:64.55,71.2 6 1
github.com/presslabs/mysql-operator/pkg/apis/mysql/v1alpha1/zz_generated.deepcopy.go:74.48,75.15 1 1
github.com/presslabs/mysql-operator/pkg/apis/mysql/v1alpha1/zz_generated.deepcopy.go:78.2,80.12 3 1
github.com/presslabs/mysql-operator/pkg/apis/mysql/v1alpha1/zz_generated.deepcopy.go:75.15,77.3 1 0
github.com/presslabs/mysql-operator/pkg/apis/mysql/v1alpha1/zz_generated.deepcopy.go:84.56,85.34 1 0
github.com/presslabs/mysql-operator/pkg/apis/mysql/v1alpha1/zz_generated.deepcopy.go:88.2,88.12 1 0
github.com/presslabs/mysql-operator/pkg/apis/mysql/v1alpha1/zz_generated.deepcopy.go:85.34,87.3 1 0
github.com/presslabs/mysql-operator/pkg/apis/mysql/v1alpha1/zz_generated.deepcopy.go:92.63,96.21 4 0
github.com/presslabs/mysql-operator/pkg/apis/mysql/v1alpha1/zz_generated.deepcopy.go:103.2,103.8 1 0
github.com/presslabs/mysql-operator/pkg/apis/mysql/v1alpha1/zz_generated.deepcopy.go:96.21,99.22 3 0
github.com/presslabs/mysql-operator/pkg/apis/mysql/v1alpha1/zz_generated.deepcopy.go:99.22,101.4 1 0
github.com/presslabs/mysql-operator/pkg/apis/mysql/v1alpha1/zz_generated.deepcopy.go:107.56,108.15 1 0
github.com/presslabs/mysql-operator/pkg/apis/mysql/v1alpha1/zz_generated.deepcopy.go:111.2,113.12 3 0
github.com/presslabs/mysql-operator/pkg/apis/mysql/v1alpha1/zz_generated.deepcopy.go:108.15,110.3 1 0
github.com/presslabs/mysql-operator/pkg/apis/mysql/v1alpha1/zz_generated.deepcopy.go:117.60,118.34 1 0
github.com/presslabs/mysql-operator/pkg/apis/mysql/v1alpha1/zz_generated.deepcopy.go:121.2,121.12 1 0
github.com/presslabs/mysql-operator/pkg/apis/mysql/v1alpha1/zz_generated.deepcopy.go:118.34,120.3 1 0
github.com/presslabs/mysql-operator/pkg/apis/mysql/v1alpha1/zz_generated.deepcopy.go:125.63,128.2 2 0
github.com/presslabs/mysql-operator/pkg/apis/mysql/v1alpha1/zz_generated.deepcopy.go:131.56,132.15 1 0
github.com/presslabs/mysql-operator/pkg/apis/mysql/v1alpha1/zz_generated.deepcopy.go:135.2,137.12 3 0
github.com/presslabs/mysql-operator/pkg/apis/mysql/v1alpha1/zz_generated.deepcopy.go:132.15,134.3 1 0
github.com/presslabs/mysql-operator/pkg/apis/mysql/v1alpha1/zz_generated.deepcopy.go:141.67,143.26 2 1
github.com/presslabs/mysql-operator/pkg/apis/mysql/v1alpha1/zz_generated.deepcopy.go:150.2,150.8 1 1
github.com/presslabs/mysql-operator/pkg/apis/mysql/v1alpha1/zz_generated.deepcopy.go:143.26,146.22 3 0
github.com/presslabs/mysql-operator/pkg/apis/mysql/v1alpha1/zz_generated.deepcopy.go:146.22,148.4 1 0
github.com/presslabs/mysql-operator/pkg/apis/mysql/v1alpha1/zz_generated.deepcopy.go:154.60,155.15 1 0
github.com/presslabs/mysql-operator/pkg/apis/mysql/v1alpha1/zz_generated.deepcopy.go:158.2,160.12 3 0
github.com/presslabs/mysql-operator/pkg/apis/mysql/v1alpha1/zz_generated.deepcopy.go:155.15,157.3 1 0
github.com/presslabs/mysql-operator/pkg/apis/mysql/v1alpha1/zz_generated.deepcopy.go:164.57,171.2 6 1
github.com/presslabs/mysql-operator/pkg/apis/mysql/v1alpha1/zz_generated.deepcopy.go:174.50,175.15 1 1
github.com/presslabs/mysql-operator/pkg/apis/mysql/v1alpha1/zz_generated.deepcopy.go:178.2,180.12 3 1
github.com/presslabs/mysql-operator/pkg/apis/mysql/v1alpha1/zz_generated.deepcopy.go:175.15,177.3 1 0
github.com/presslabs/mysql-operator/pkg/apis/mysql/v1alpha1/zz_generated.deepcopy.go:184.57,185.34 1 0
github.com/presslabs/mysql-operator/pkg/apis/mysql/v1alpha1/zz_generated.deepcopy.go:188.2,188.12 1 0
github.com/presslabs/mysql-operator/pkg/apis/mysql/v1alpha1/zz_generated.deepcopy.go:185.34,187.3 1 0
github.com/presslabs/mysql-operator/pkg/apis/mysql/v1alpha1/zz_generated.deepcopy.go:192.65,196.21 4 0
github.com/presslabs/mysql-operator/pkg/apis/mysql/v1alpha1/zz_generated.deepcopy.go:203.2,203.8 1 0
github.com/presslabs/mysql-operator/pkg/apis/mysql/v1alpha1/zz_generated.deepcopy.go:196.21,199.22 3 0
github.com/presslabs/mysql-operator/pkg/apis/mysql/v1alpha1/zz_generated.deepcopy.go:199.22,201.4 1 0
github.com/presslabs/mysql-operator/pkg/apis/mysql/v1alpha1/zz_generated.deepcopy.go:207.58,208.15 1 0
github.com/presslabs/mysql-operator/pkg/apis/mysql/v1alpha1/zz_generated.deepcopy.go:211.2,213.12 3 0
github.com/presslabs/mysql-operator/pkg/apis/mysql/v1alpha1/zz_generated.deepcopy.go:208.15,210.3 1 0
github.com/presslabs/mysql-operator/pkg/apis/mysql/v1alpha1/zz_generated.deepcopy.go:217.61,218.34 1 0
github.com/presslabs/mysql-operator/pkg/apis/mysql/v1alpha1/zz_generated.deepcopy.go:221.2,221.12 1 0
github.com/presslabs/mysql-operator/pkg/apis/mysql/v1alpha1/zz_generated.deepcopy.go:218.34,220.3 1 0
github.com/presslabs/mysql-operator/pkg/apis/mysql/v1alpha1/zz_generated.deepcopy.go:225.65,227.28 2 1
github.com/presslabs/mysql-operator/pkg/apis/mysql/v1alpha1/zz_generated.deepcopy.go:232.2,232.46 1 1
github.com/presslabs/mysql-operator/pkg/apis/mysql/v1alpha1/zz_generated.deepcopy.go:237.2,237.25 1 1
github.com/presslabs/mysql-operator/pkg/apis/mysql/v1alpha1/zz_generated.deepcopy.go:244.2,246.31 3 1
github.com/presslabs/mysql-operator/pkg/apis/mysql/v1alpha1/zz_generated.deepcopy.go:251.2,251.27 1 1
github.com/presslabs/mysql-operator/pkg/apis/mysql/v1alpha1/zz_generated.deepcopy.go:256.2,256.8 1 1
github.com/presslabs/mysql-operator/pkg/apis/mysql/v1alpha1/zz_generated.deepcopy.go:227.28,231.3 3 0
github.com/presslabs/mysql-operator/pkg/apis/mysql/v1alpha1/zz_generated.deepcopy.go:232.46,236.3 3 0
github.com/presslabs/mysql-operator/pkg/apis/mysql/v1alpha1/zz_generated.deepcopy.go:237.25,240.29 3 0
github.com/presslabs/mysql-operator/pkg/apis/mysql/v1alpha1/zz_generated.deepcopy.go:240.29,242.4 1 0
github.com/presslabs/mysql-operator/pkg/apis/mysql/v1alpha1/zz_generated.deepcopy.go:246.31,250.3 3 0
github.com/presslabs/mysql-operator/pkg/apis/mysql/v1alpha1/zz_generated.deepcopy.go:251.27,255.3 3 0
github.com/presslabs/mysql-operator/pkg/apis/mysql/v1alpha1/zz_generated.deepcopy.go:260.58,261.15 1 0
github.com/presslabs/mysql-operator/pkg/apis/mysql/v1alpha1/zz_generated.deepcopy.go:264.2,266.12 3 0
github.com/presslabs/mysql-operator/pkg/apis/mysql/v1alpha1/zz_generated.deepcopy.go:261.15,263.3 1 0
github.com/presslabs/mysql-operator/pkg/apis/mysql/v1alpha1/zz_generated.deepcopy.go:270.69,272.26 2 1
github.com/presslabs/mysql-operator/pkg/apis/mysql/v1alpha1/zz_generated.deepcopy.go:279.2,279.21 1 1
github.com/presslabs/mysql-operator/pkg/apis/mysql/v1alpha1/zz_generated.deepcopy.go:286.2,286.8 1 1
github.com/presslabs/mysql-operator/pkg/apis/mysql/v1alpha1/zz_generated.deepcopy.go:272.26,275.22 3 0
github.com/presslabs/mysql-operator/pkg/apis/mysql/v1alpha1/zz_generated.deepcopy.go:275.22,277.4 1 0
github.com/presslabs/mysql-operator/pkg/apis/mysql/v1alpha1/zz_generated.deepcopy.go:279.21,282.22 3 0
github.com/presslabs/mysql-operator/pkg/apis/mysql/v1alpha1/zz_generated.deepcopy.go:282.22,284.4 1 0
github.com/presslabs/mysql-operator/pkg/apis/mysql/v1alpha1/zz_generated.deepcopy.go:290.62,291.15 1 0
github.com/presslabs/mysql-operator/pkg/apis/mysql/v1alpha1/zz_generated.deepcopy.go:294.2,296.12 3 0
github.com/presslabs/mysql-operator/pkg/apis/mysql/v1alpha1/zz_generated.deepcopy.go:291.15,293.3 1 0
github.com/presslabs/mysql-operator/pkg/apis/mysql/v1alpha1/zz_generated.deepcopy.go:300.50,301.2 1 0
github.com/presslabs/mysql-operator/pkg/apis/mysql/v1alpha1/zz_generated.deepcopy.go:301.2,304.29 3 0
github.com/presslabs/mysql-operator/pkg/apis/mysql/v1alpha1/zz_generated.deepcopy.go:307.3,307.9 1 0
github.com/presslabs/mysql-operator/pkg/apis/mysql/v1alpha1/zz_generated.deepcopy.go:304.29,306.4 1 0
github.com/presslabs/mysql-operator/pkg/apis/mysql/v1alpha1/zz_generated.deepcopy.go:312.42,313.15 1 0
github.com/presslabs/mysql-operator/pkg/apis/mysql/v1alpha1/zz_generated.deepcopy.go:316.2,318.13 3 0
github.com/presslabs/mysql-operator/pkg/apis/mysql/v1alpha1/zz_generated.deepcopy.go:313.15,315.3 1 0
github.com/presslabs/mysql-operator/pkg/apis/mysql/v1alpha1/zz_generated.deepcopy.go:322.59,326.2 3 0
github.com/presslabs/mysql-operator/pkg/apis/mysql/v1alpha1/zz_generated.deepcopy.go:329.52,330.15 1 0
github.com/presslabs/mysql-operator/pkg/apis/mysql/v1alpha1/zz_generated.deepcopy.go:333.2,335.12 3 0
github.com/presslabs/mysql-operator/pkg/apis/mysql/v1alpha1/zz_generated.deepcopy.go:330.15,332.3 1 0
github.com/presslabs/mysql-operator/pkg/apis/mysql/v1alpha1/zz_generated.deepcopy.go:339.53,341.26 2 0
github.com/presslabs/mysql-operator/pkg/apis/mysql/v1alpha1/zz_generated.deepcopy.go:348.2,348.8 1 0
github.com/presslabs/mysql-operator/pkg/apis/mysql/v1alpha1/zz_generated.deepcopy.go:341.26,344.22 3 0
github.com/presslabs/mysql-operator/pkg/apis/mysql/v1alpha1/zz_generated.deepcopy.go:344.22,346.4 1 0
github.com/presslabs/mysql-operator/pkg/apis/mysql/v1alpha1/zz_generated.deepcopy.go:352.46,353.15 1 0
github.com/presslabs/mysql-operator/pkg/apis/mysql/v1alpha1/zz_generated.deepcopy.go:356.2,358.12 3 0
github.com/presslabs/mysql-operator/pkg/apis/mysql/v1alpha1/zz_generated.deepcopy.go:353.15,355.3 1 0
github.com/presslabs/mysql-operator/pkg/apis/mysql/v1alpha1/zz_generated.deepcopy.go:362.47,364.32 2 1
github.com/presslabs/mysql-operator/pkg/apis/mysql/v1alpha1/zz_generated.deepcopy.go:369.2,369.22 1 1
github.com/presslabs/mysql-operator/pkg/apis/mysql/v1alpha1/zz_generated.deepcopy.go:376.2,376.27 1 1
github.com/presslabs/mysql-operator/pkg/apis/mysql/v1alpha1/zz_generated.deepcopy.go:383.2,385.28 3 1
github.com/presslabs/mysql-operator/pkg/apis/mysql/v1alpha1/zz_generated.deepcopy.go:392.2,392.8 1 1
github.com/presslabs/mysql-operator/pkg/apis/mysql/v1alpha1/zz_generated.deepcopy.go:364.32,368.3 3 0
github.com/presslabs/mysql-operator/pkg/apis/mysql/v1alpha1/zz_generated.deepcopy.go:369.22,372.29 3 0
github.com/presslabs/mysql-operator/pkg/apis/mysql/v1alpha1/zz_generated.deepcopy.go:372.29,374.4 1 0
github.com/presslabs/mysql-operator/pkg/apis/mysql/v1alpha1/zz_generated.deepcopy.go:376.27,379.29 3 0
github.com/presslabs/mysql-operator/pkg/apis/mysql/v1alpha1/zz_generated.deepcopy.go:379.29,381.4 1 0
github.com/presslabs/mysql-operator/pkg/apis/mysql/v1alpha1/zz_generated.deepcopy.go:385.28,388.29 3 0
github.com/presslabs/mysql-operator/pkg/apis/mysql/v1alpha1/zz_generated.deepcopy.go:388.29,390.4 1 0
github.com/presslabs/mysql-operator/pkg/apis/mysql/v1alpha1/zz_generated.deepcopy.go:396.40,397.15 1 0
github.com/presslabs/mysql-operator/pkg/apis/mysql/v1alpha1/zz_generated.deepcopy.go:400.2,402.12 3 0
github.com/presslabs/mysql-operator/pkg/apis/mysql/v1alpha1/zz_generated.deepcopy.go:397.15,399.3 1 0
github.com/presslabs/mysql-operator/pkg/apis/mysql/v1alpha1/zz_generated.deepcopy.go:406.55,408.27 2 0
github.com/presslabs/mysql-operator/pkg/apis/mysql/v1alpha1/zz_generated.deepcopy.go:413.2,413.24 1 0
github.com/presslabs/mysql-operator/pkg/apis/mysql/v1alpha1/zz_generated.deepcopy.go:418.2,418.29 1 0
github.com/presslabs/mysql-operator/pkg/apis/mysql/v1alpha1/zz_generated.deepcopy.go:423.2,423.26 1 0
github.com/presslabs/mysql-operator/pkg/apis/mysql/v1alpha1/zz_generated.deepcopy.go:428.2,428.8 1 0
github.com/presslabs/mysql-operator/pkg/apis/mysql/v1alpha1/zz_generated.deepcopy.go:408.27,412.3 3 0
github.com/presslabs/mysql-operator/pkg/apis/mysql/v1alpha1/zz_generated.deepcopy.go:413.24,417.3 3 0
github.com/presslabs/mysql-operator/pkg/apis/mysql/v1alpha1/zz_generated.deepcopy.go:418.29,422.3 3 0
github.com/presslabs/mysql-operator/pkg/apis/mysql/v1alpha1/zz_generated.deepcopy.go:423.26,427.3 3 0
github.com/presslabs/mysql-operator/pkg/apis/mysql/v1alpha1/zz_generated.deepcopy.go:432.48,433.15 1 0
github.com/presslabs/mysql-operator/pkg/apis/mysql/v1alpha1/zz_generated.deepcopy.go:436.2,438.12 3 0
github.com/presslabs/mysql-operator/pkg/apis/mysql/v1alpha1/zz_generated.deepcopy.go:433.15,435.3 1 0
github.com/presslabs/mysql-operator/pkg/apis/mysql/v1alpha1/zz_generated.deepcopy.go:442.53,446.2 3 1
github.com/presslabs/mysql-operator/pkg/apis/mysql/v1alpha1/zz_generated.deepcopy.go:449.46,450.15 1 0
github.com/presslabs/mysql-operator/pkg/apis/mysql/v1alpha1/zz_generated.deepcopy.go:453.2,455.12 3 0
github.com/presslabs/mysql-operator/pkg/apis/mysql/v1alpha1/zz_generated.deepcopy.go:450.15,452.3 1 0
github.com/presslabs/mysql-operator/pkg/controller/mysqlbackup/mysqlbackup_controller.go:48.37,50.2 1 0
github.com/presslabs/mysql-operator/pkg/controller/mysqlbackup/mysqlbackup_controller.go:53.62,55.2 1 1
github.com/presslabs/mysql-operator/pkg/controller/mysqlbackup/mysqlbackup_controller.go:58.61,61.16 2 1
github.com/presslabs/mysql-operator/pkg/controller/mysqlbackup/mysqlbackup_controller.go:66.2,67.16 2 1
github.com/presslabs/mysql-operator/pkg/controller/mysqlbackup/mysqlbackup_controller.go:73.2,77.16 2 1
github.com/presslabs/mysql-operator/pkg/controller/mysqlbackup/mysqlbackup_controller.go:81.2,81.12 1 1
github.com/presslabs/mysql-operator/pkg/controller/mysqlbackup/mysqlbackup_controller.go:61.16,63.3 1 0
github.com/presslabs/mysql-operator/pkg/controller/mysqlbackup/mysqlbackup_controller.go:67.16,69.3 1 0
github.com/presslabs/mysql-operator/pkg/controller/mysqlbackup/mysqlbackup_controller.go:77.16,79.3 1 0
github.com/presslabs/mysql-operator/pkg/controller/mysqlbackup/mysqlbackup_controller.go:99.95,103.16 3 1
github.com/presslabs/mysql-operator/pkg/controller/mysqlbackup/mysqlbackup_controller.go:115.2,137.90 2 1
github.com/presslabs/mysql-operator/pkg/controller/mysqlbackup/mysqlbackup_controller.go:143.2,145.42 3 1
github.com/presslabs/mysql-operator/pkg/controller/mysqlbackup/mysqlbackup_controller.go:157.2,157.49 1 1
github.com/presslabs/mysql-operator/pkg/controller/mysqlbackup/mysqlbackup_controller.go:165.2,165.32 1 0
github.com/presslabs/mysql-operator/pkg/controller/mysqlbackup/mysqlbackup_controller.go:103.16,104.29 1 0
github.com/presslabs/mysql-operator/pkg/controller/mysqlbackup/mysqlbackup_controller.go:110.3,110.33 1 0
github.com/presslabs/mysql-operator/pkg/controller/mysqlbackup/mysqlbackup_controller.go:104.29,108.4 1 0
github.com/presslabs/mysql-operator/pkg/controller/mysqlbackup/mysqlbackup_controller.go:137.90,139.3 1 0
github.com/presslabs/mysql-operator/pkg/controller/mysqlbackup/mysqlbackup_controller.go:145.42,148.17 3 1
github.com/presslabs/mysql-operator/pkg/controller/mysqlbackup/mysqlbackup_controller.go:148.17,150.4 1 0
github.com/presslabs/mysql-operator/pkg/controller/mysqlbackup/mysqlbackup_controller.go:151.8,151.23 1 0
github.com/presslabs/mysql-operator/pkg/controller/mysqlbackup/mysqlbackup_controller.go:151.23,153.3 1 0
github.com/presslabs/mysql-operator/pkg/controller/mysqlbackup/mysqlbackup_controller.go:157.49,161.17 4 1
github.com/presslabs/mysql-operator/pkg/controller/mysqlbackup/mysqlbackup_controller.go:161.17,163.4 1 1
github.com/presslabs/mysql-operator/pkg/controller/mysqlcluster/mysqlcluster_controller.go:56.37,58.2 1 0
github.com/presslabs/mysql-operator/pkg/controller/mysqlcluster/mysqlcluster_controller.go:61.62,64.2 1 1
github.com/presslabs/mysql-operator/pkg/controller/mysqlcluster/mysqlcluster_controller.go:67.61,70.16 2 1
github.com/presslabs/mysql-operator/pkg/controller/mysqlcluster/mysqlcluster_controller.go:75.2,76.16 2 1
github.com/presslabs/mysql-operator/pkg/controller/mysqlcluster/mysqlcluster_controller.go:80.2,84.16 2 1
github.com/presslabs/mysql-operator/pkg/controller/mysqlcluster/mysqlcluster_controller.go:90.2,90.12 1 1
github.com/presslabs/mysql-operator/pkg/controller/mysqlcluster/mysqlcluster_controller.go:70.16,72.3 1 0
github.com/presslabs/mysql-operator/pkg/controller/mysqlcluster/mysqlcluster_controller.go:76.16,78.3 1 0
github.com/presslabs/mysql-operator/pkg/controller/mysqlcluster/mysqlcluster_controller.go:84.16,86.3 1 0
github.com/presslabs/mysql-operator/pkg/controller/mysqlcluster/mysqlcluster_controller.go:107.96,111.16 3 1
github.com/presslabs/mysql-operator/pkg/controller/mysqlcluster/mysqlcluster_controller.go:120.2,123.39 2 1
github.com/presslabs/mysql-operator/pkg/controller/mysqlcluster/mysqlcluster_controller.go:128.2,134.16 3 1
github.com/presslabs/mysql-operator/pkg/controller/mysqlcluster/mysqlcluster_controller.go:139.2,140.16 2 1
github.com/presslabs/mysql-operator/pkg/controller/mysqlcluster/mysqlcluster_controller.go:145.2,157.32 3 1
github.com/presslabs/mysql-operator/pkg/controller/mysqlcluster/mysqlcluster_controller.go:111.16,112.29 1 0
github.com/presslabs/mysql-operator/pkg/controller/mysqlcluster/mysqlcluster_controller.go:118.3,118.33 1 0
github.com/presslabs/mysql-operator/pkg/controller/mysqlcluster/mysqlcluster_controller.go:112.29,116.4 1 0
github.com/presslabs/mysql-operator/pkg/controller/mysqlcluster/mysqlcluster_controller.go:123.39,125.3 1 0
github.com/presslabs/mysql-operator/pkg/controller/mysqlcluster/mysqlcluster_controller.go:134.16,136.3 1 0
github.com/presslabs/mysql-operator/pkg/controller/mysqlcluster/mysqlcluster_controller.go:140.16,142.3 1 0
github.com/presslabs/mysql-operator/pkg/controller/mysqlcluster/mysqlcluster_controller.go:160.110,161.28 1 1
github.com/presslabs/mysql-operator/pkg/controller/mysqlcluster/mysqlcluster_controller.go:190.2,190.12 1 1
github.com/presslabs/mysql-operator/pkg/controller/mysqlcluster/mysqlcluster_controller.go:161.28,166.35 3 1
github.com/presslabs/mysql-operator/pkg/controller/mysqlcluster/mysqlcluster_controller.go:177.3,182.17 4 1
github.com/presslabs/mysql-operator/pkg/controller/mysqlcluster/mysqlcluster_controller.go:186.3,186.41 1 1
github.com/presslabs/mysql-operator/pkg/controller/mysqlcluster/mysqlcluster_controller.go:166.35,167.43 1 1
github.com/presslabs/mysql-operator/pkg/controller/mysqlcluster/mysqlcluster_controller.go:167.43,170.92 2 1
github.com/presslabs/mysql-operator/pkg/controller/mysqlcluster/mysqlcluster_controller.go:173.5,173.22 1 1
github.com/presslabs/mysql-operator/pkg/controller/mysqlcluster/mysqlcluster_controller.go:170.92,172.6 1 0
github.com/presslabs/mysql-operator/pkg/controller/mysqlcluster/mysqlcluster_controller.go:182.17,185.4 2 0
github.com/presslabs/mysql-operator/pkg/controller/mysqlcluster/mysqlcluster_controller.go:186.41,188.4 1 1
github.com/presslabs/mysql-operator/pkg/controller/mysqlcluster/mysqlcluster_controller.go:193.134,199.16 3 1
github.com/presslabs/mysql-operator/pkg/controller/mysqlcluster/mysqlcluster_controller.go:203.2,208.16 3 1
github.com/presslabs/mysql-operator/pkg/controller/mysqlcluster/mysqlcluster_controller.go:212.2,214.8 3 1
github.com/presslabs/mysql-operator/pkg/controller/mysqlcluster/mysqlcluster_controller.go:199.16,201.3 1 0
github.com/presslabs/mysql-operator/pkg/controller/mysqlcluster/mysqlcluster_controller.go:208.16,210.3 1 0
github.com/presslabs/mysql-operator/pkg/controller/mysqlcluster/mysqlcluster_controller.go:217.64,219.16 2 1
github.com/presslabs/mysql-operator/pkg/controller/mysqlcluster/mysqlcluster_controller.go:223.2,223.37 1 1
github.com/presslabs/mysql-operator/pkg/controller/mysqlcluster/mysqlcluster_controller.go:219.16,221.3 1 0
