mode: set
github.com/presslabs/mysql-operator/pkg/apis/mysql/v1beta1/mysqlcluster_types.go:230.13,232.2 1 1
github.com/presslabs/mysql-operator/pkg/apis/mysql/v1beta1/zz_generated.deepcopy.go:30.65,34.2 3 0
github.com/presslabs/mysql-operator/pkg/apis/mysql/v1beta1/zz_generated.deepcopy.go:37.58,38.15 1 0
github.com/presslabs/mysql-operator/pkg/apis/mysql/v1beta1/zz_generated.deepcopy.go:41.2,43.12 3 0
github.com/presslabs/mysql-operator/pkg/apis/mysql/v1beta1/zz_generated.deepcopy.go:38.15,40.3 1 0
github.com/presslabs/mysql-operator/pkg/apis/mysql/v1beta1/zz_generated.deepcopy.go:47.57,54.2 6 1
github.com/presslabs/mysql-operator/pkg/apis/mysql/v1beta1/zz_generated.deepcopy.go:57.50,58.15 1 1
github.com/presslabs/mysql-operator/pkg/apis/mysql/v1beta1/zz_generated.deepcopy.go:61.2,63.12 3 1
github.com/presslabs/mysql-operator/pkg/apis/mysql/v1beta1/zz_generated.deepcopy.go:58.15,60.3 1 0
github.com/presslabs/mysql-operator/pkg/apis/mysql/v1beta1/zz_generated.deepcopy.go:67.57,68.34 1 0
github.com/presslabs/mysql-operator/pkg/apis/mysql/v1beta1/zz_generated.deepcopy.go:71.2,71.12 1 0
github.com/presslabs/mysql-operator/pkg/apis/mysql/v1beta1/zz_generated.deepcopy.go:68.34,70.3 1 0
github.com/presslabs/mysql-operator/pkg/apis/mysql/v1beta1/zz_generated.deepcopy.go:75.65,79.21 4 0
github.com/presslabs/mysql-operator/pkg/apis/mysql/v1beta1/zz_generated.deepcopy.go:86.2,86.8 1 0
github.com/presslabs/mysql-operator/pkg/apis/mysql/v1beta1/zz_generated.deepcopy.go:79.21,82.22 3 0
github.com/presslabs/mysql-operator/pkg/apis/mysql/v1beta1/zz_generated.deepcopy.go:82.22,84.4 1 0
github.com/presslabs/mysql-operator/pkg/apis/mysql/v1beta1/zz_generated.deepcopy.go:90.58,91.15 1 0
github.com/presslabs/mysql-operator/pkg/apis/mysql/v1beta1/zz_generated.deepcopy.go:94.2,96.12 3 0
github.com/presslabs/mysql-operator/pkg/apis/mysql/v1beta1/zz_generated.deepcopy.go:91.15,93.3 1 0
github.com/presslabs/mysql-operator/pkg/apis/mysql/v1beta1/zz_generated.deepcopy.go:100.61,101.34 1 0
github.com/presslabs/mysql-operator/pkg/apis/mysql/v1beta1/zz_generated.deepcopy.go:104.2,104.12 1 0
github.com/presslabs/mysql-operator/pkg/apis/mysql/v1beta1/zz_generated.deepcopy.go:101.34,103.3 1 0
github.com/presslabs/mysql-operator/pkg/apis/mysql/v1beta1/zz_generated.deepcopy.go:108.65,110.28 2 1
github.com/presslabs/mysql-operator/pkg/apis/mysql/v1beta1/zz_generated.deepcopy.go:115.2,115.46 1 1
github.com/presslabs/mysql-operator/pkg/apis/mysql/v1beta1/zz_generated.deepcopy.go:120.2,120.25 1 1
github.com/presslabs/mysql-operator/pkg/apis/mysql/v1beta1/zz_generated.deepcopy.go:127.2,129.31 3 1
github.com/presslabs/mysql-operator/pkg/apis/mysql/v1beta1/zz_generated.deepcopy.go:134.2,134.27 1 1
github.com/presslabs/mysql-operator/pkg/apis/mysql/v1beta1/zz_generated.deepcopy.go:139.2,139.8 1 1
github.com/presslabs/mysql-operator/pkg/apis/mysql/v1beta1/zz_generated.deepcopy.go:110.28,114.3 3 0
github.com/presslabs/mysql-operator/pkg/apis/mysql/v1beta1/zz_generated.deepcopy.go:115.46,119.3 3 0
github.com/presslabs/mysql-operator/pkg/apis/mysql/v1beta1/zz_generated.deepcopy.go:120.25,123.29 3 0
github.com/presslabs/mysql-operator/pkg/apis/mysql/v1beta1/zz_generated.deepcopy.go:123.29,125.4 1 0
github.com/presslabs/mysql-operator/pkg/apis/mysql/v1beta1/zz_generated.deepcopy.go:129.31,133.3 3 0
github.com/presslabs/mysql-operator/pkg/apis/mysql/v1beta1/zz_generated.deepcopy.go:134.27,138.3 3 0
github.com/presslabs/mysql-operator/pkg/apis/mysql/v1beta1/zz_generated.deepcopy.go:143.58,144.15 1 0
github.com/presslabs/mysql-operator/pkg/apis/mysql/v1beta1/zz_generated.deepcopy.go:147.2,149.12 3 0
github.com/presslabs/mysql-operator/pkg/apis/mysql/v1beta1/zz_generated.deepcopy.go:144.15,146.3 1 0
github.com/presslabs/mysql-operator/pkg/apis/mysql/v1beta1/zz_generated.deepcopy.go:153.69,155.26 2 1
github.com/presslabs/mysql-operator/pkg/apis/mysql/v1beta1/zz_generated.deepcopy.go:162.2,162.21 1 1
github.com/presslabs/mysql-operator/pkg/apis/mysql/v1beta1/zz_generated.deepcopy.go:169.2,169.8 1 1
github.com/presslabs/mysql-operator/pkg/apis/mysql/v1beta1/zz_generated.deepcopy.go:155.26,158.22 3 0
github.com/presslabs/mysql-operator/pkg/apis/mysql/v1beta1/zz_generated.deepcopy.go:158.22,160.4 1 0
github.com/presslabs/mysql-operator/pkg/apis/mysql/v1beta1/zz_generated.deepcopy.go:162.21,165.22 3 0
github.com/presslabs/mysql-operator/pkg/apis/mysql/v1beta1/zz_generated.deepcopy.go:165.22,167.4 1 0
github.com/presslabs/mysql-operator/pkg/apis/mysql/v1beta1/zz_generated.deepcopy.go:173.62,174.15 1 0
github.com/presslabs/mysql-operator/pkg/apis/mysql/v1beta1/zz_generated.deepcopy.go:177.2,179.12 3 0
github.com/presslabs/mysql-operator/pkg/apis/mysql/v1beta1/zz_generated.deepcopy.go:174.15,176.3 1 0
github.com/presslabs/mysql-operator/pkg/apis/mysql/v1beta1/zz_generated.deepcopy.go:183.50,184.2 1 0
github.com/presslabs/mysql-operator/pkg/apis/mysql/v1beta1/zz_generated.deepcopy.go:184.2,187.29 3 0
github.com/presslabs/mysql-operator/pkg/apis/mysql/v1beta1/zz_generated.deepcopy.go:190.3,190.9 1 0
github.com/presslabs/mysql-operator/pkg/apis/mysql/v1beta1/zz_generated.deepcopy.go:187.29,189.4 1 0
github.com/presslabs/mysql-operator/pkg/apis/mysql/v1beta1/zz_generated.deepcopy.go:195.42,196.15 1 0
github.com/presslabs/mysql-operator/pkg/apis/mysql/v1beta1/zz_generated.deepcopy.go:199.2,201.13 3 0
github.com/presslabs/mysql-operator/pkg/apis/mysql/v1beta1/zz_generated.deepcopy.go:196.15,198.3 1 0
github.com/presslabs/mysql-operator/pkg/apis/mysql/v1beta1/zz_generated.deepcopy.go:205.59,209.2 3 0
github.com/presslabs/mysql-operator/pkg/apis/mysql/v1beta1/zz_generated.deepcopy.go:212.52,213.15 1 0
github.com/presslabs/mysql-operator/pkg/apis/mysql/v1beta1/zz_generated.deepcopy.go:216.2,218.12 3 0
github.com/presslabs/mysql-operator/pkg/apis/mysql/v1beta1/zz_generated.deepcopy.go:213.15,215.3 1 0
github.com/presslabs/mysql-operator/pkg/apis/mysql/v1beta1/zz_generated.deepcopy.go:222.53,224.26 2 0
github.com/presslabs/mysql-operator/pkg/apis/mysql/v1beta1/zz_generated.deepcopy.go:231.2,231.8 1 0
github.com/presslabs/mysql-operator/pkg/apis/mysql/v1beta1/zz_generated.deepcopy.go:224.26,227.22 3 0
github.com/presslabs/mysql-operator/pkg/apis/mysql/v1beta1/zz_generated.deepcopy.go:227.22,229.4 1 0
github.com/presslabs/mysql-operator/pkg/apis/mysql/v1beta1/zz_generated.deepcopy.go:235.46,236.15 1 0
github.com/presslabs/mysql-operator/pkg/apis/mysql/v1beta1/zz_generated.deepcopy.go:239.2,241.12 3 0
github.com/presslabs/mysql-operator/pkg/apis/mysql/v1beta1/zz_generated.deepcopy.go:236.15,238.3 1 0
github.com/presslabs/mysql-operator/pkg/apis/mysql/v1beta1/zz_generated.deepcopy.go:245.47,247.32 2 1
github.com/presslabs/mysql-operator/pkg/apis/mysql/v1beta1/zz_generated.deepcopy.go:252.2,252.22 1 1
github.com/presslabs/mysql-operator/pkg/apis/mysql/v1beta1/zz_generated.deepcopy.go:259.2,259.27 1 1
github.com/presslabs/mysql-operator/pkg/apis/mysql/v1beta1/zz_generated.deepcopy.go:266.2,268.28 3 1
github.com/presslabs/mysql-operator/pkg/apis/mysql/v1beta1/zz_generated.deepcopy.go:275.2,275.8 1 1
github.com/presslabs/mysql-operator/pkg/apis/mysql/v1beta1/zz_generated.deepcopy.go:247.32,251.3 3 0
github.com/presslabs/mysql-operator/pkg/apis/mysql/v1beta1/zz_generated.deepcopy.go:252.22,255.29 3 0
github.com/presslabs/mysql-operator/pkg/apis/mysql/v1beta1/zz_generated.deepcopy.go:255.29,257.4 1 0
github.com/presslabs/mysql-operator/pkg/apis/mysql/v1beta1/zz_generated.deepcopy.go:259.27,262.29 3 0
github.com/presslabs/mysql-operator/pkg/apis/mysql/v1beta1/zz_generated.deepcopy.go:262.29,264.4 1 0
github.com/presslabs/mysql-operator/pkg/apis/mysql/v1beta1/zz_generated.deepcopy.go:268.28,271.29 3 0
github.com/presslabs/mysql-operator/pkg/apis/mysql/v1beta1/zz_generated.deepcopy.go:271.29,273.4 1 0
github.com/presslabs/mysql-operator/pkg/apis/mysql/v1beta1/zz_generated.deepcopy.go:279.40,280.15 1 0
github.com/presslabs/mysql-operator/pkg/apis/mysql/v1beta1/zz_generated.deepcopy.go:283.2,285.12 3 0
github.com/presslabs/mysql-operator/pkg/apis/mysql/v1beta1/zz_generated.deepcopy.go:280.15,282.3 1 0
github.com/presslabs/mysql-operator/pkg/apis/mysql/v1beta1/zz_generated.deepcopy.go:289.55,291.27 2 0
github.com/presslabs/mysql-operator/pkg/apis/mysql/v1beta1/zz_generated.deepcopy.go:296.2,296.24 1 0
github.com/presslabs/mysql-operator/pkg/apis/mysql/v1beta1/zz_generated.deepcopy.go:301.2,301.29 1 0
github.com/presslabs/mysql-operator/pkg/apis/mysql/v1beta1/zz_generated.deepcopy.go:306.2,306.26 1 0
github.com/presslabs/mysql-operator/pkg/apis/mysql/v1beta1/zz_generated.deepcopy.go:311.2,311.8 1 0
github.com/presslabs/mysql-operator/pkg/apis/mysql/v1beta1/zz_generated.deepcopy.go:291.27,295.3 3 0
github.com/presslabs/mysql-operator/pkg/apis/mysql/v1beta1/zz_generated.deepcopy.go:296.24,300.3 3 0
github.com/presslabs/mysql-operator/pkg/apis/mysql/v1beta1/zz_generated.deepcopy.go:301.29,305.3 3 0
github.com/presslabs/mysql-operator/pkg/apis/mysql/v1beta1/zz_generated.deepcopy.go:306.26,310.3 3 0
github.com/presslabs/mysql-operator/pkg/apis/mysql/v1beta1/zz_generated.deepcopy.go:315.48,316.15 1 0
github.com/presslabs/mysql-operator/pkg/apis/mysql/v1beta1/zz_generated.deepcopy.go:319.2,321.12 3 0
github.com/presslabs/mysql-operator/pkg/apis/mysql/v1beta1/zz_generated.deepcopy.go:316.15,318.3 1 0
github.com/presslabs/mysql-operator/pkg/apis/mysql/v1beta1/zz_generated.deepcopy.go:325.53,329.2 3 1
github.com/presslabs/mysql-operator/pkg/apis/mysql/v1beta1/zz_generated.deepcopy.go:332.46,333.15 1 0
github.com/presslabs/mysql-operator/pkg/apis/mysql/v1beta1/zz_generated.deepcopy.go:336.2,338.12 3 0
github.com/presslabs/mysql-operator/pkg/apis/mysql/v1beta1/zz_generated.deepcopy.go:333.15,335.3 1 0
github.com/presslabs/mysql-operator/pkg/controller/mysqlcluster/mysqlcluster_controller.go:48.37,50.2 1 0
github.com/presslabs/mysql-operator/pkg/controller/mysqlcluster/mysqlcluster_controller.go:53.62,55.2 1 1
github.com/presslabs/mysql-operator/pkg/controller/mysqlcluster/mysqlcluster_controller.go:58.61,61.16 2 1
github.com/presslabs/mysql-operator/pkg/controller/mysqlcluster/mysqlcluster_controller.go:66.2,67.16 2 1
github.com/presslabs/mysql-operator/pkg/controller/mysqlcluster/mysqlcluster_controller.go:73.2,77.16 2 1
github.com/presslabs/mysql-operator/pkg/controller/mysqlcluster/mysqlcluster_controller.go:81.2,81.12 1 1
github.com/presslabs/mysql-operator/pkg/controller/mysqlcluster/mysqlcluster_controller.go:61.16,63.3 1 0
github.com/presslabs/mysql-operator/pkg/controller/mysqlcluster/mysqlcluster_controller.go:67.16,69.3 1 0
github.com/presslabs/mysql-operator/pkg/controller/mysqlcluster/mysqlcluster_controller.go:77.16,79.3 1 0
github.com/presslabs/mysql-operator/pkg/controller/mysqlcluster/mysqlcluster_controller.go:99.96,103.16 3 1
github.com/presslabs/mysql-operator/pkg/controller/mysqlcluster/mysqlcluster_controller.go:115.2,137.90 2 1
github.com/presslabs/mysql-operator/pkg/controller/mysqlcluster/mysqlcluster_controller.go:143.2,145.42 3 1
github.com/presslabs/mysql-operator/pkg/controller/mysqlcluster/mysqlcluster_controller.go:157.2,157.49 1 1
github.com/presslabs/mysql-operator/pkg/controller/mysqlcluster/mysqlcluster_controller.go:165.2,165.32 1 0
github.com/presslabs/mysql-operator/pkg/controller/mysqlcluster/mysqlcluster_controller.go:103.16,104.29 1 0
github.com/presslabs/mysql-operator/pkg/controller/mysqlcluster/mysqlcluster_controller.go:110.3,110.33 1 0
github.com/presslabs/mysql-operator/pkg/controller/mysqlcluster/mysqlcluster_controller.go:104.29,108.4 1 0
github.com/presslabs/mysql-operator/pkg/controller/mysqlcluster/mysqlcluster_controller.go:137.90,139.3 1 0
github.com/presslabs/mysql-operator/pkg/controller/mysqlcluster/mysqlcluster_controller.go:145.42,148.17 3 1
github.com/presslabs/mysql-operator/pkg/controller/mysqlcluster/mysqlcluster_controller.go:148.17,150.4 1 0
github.com/presslabs/mysql-operator/pkg/controller/mysqlcluster/mysqlcluster_controller.go:151.8,151.23 1 0
github.com/presslabs/mysql-operator/pkg/controller/mysqlcluster/mysqlcluster_controller.go:151.23,153.3 1 0
github.com/presslabs/mysql-operator/pkg/controller/mysqlcluster/mysqlcluster_controller.go:157.49,161.17 4 1
github.com/presslabs/mysql-operator/pkg/controller/mysqlcluster/mysqlcluster_controller.go:161.17,163.4 1 1
